
156
159
211
165
221
147
109
149
115
176
181
133
209
200
123
158
136
184
144
172
115
200
194
150
189
157
86
130
176
159
174
115
96
84
192
101
160
188
136
140
105
94
97
131
151
209
195
229
232
233
114
230
126
86
142
90
199
189
267
168
145
154
175
85
157
95
107
98
178
170
105
182
118
114
208
180
119
115
202
220
82
274
174
129
149
292
124
101
129
193
151
122
88
174
162
97
153
106
181
189
149
186
147
184
101
169
136
116
173
78
90
181
144
224
131
157
206
84
107
138
143
90
193
226
233
88
81
93
111
258
228
248
120
131
171
131
221
206
200
215
184
158
278
150
93
99
104
262
145
150
191
193
182
156
165
160
146
186
151
210
129
106
145
161
101
90
116
138
246
132
145
178
185
142
80
96
80
193
174
257
153
89
165
129
114
101
86
158
148
212
205
108
117
147
170
207
119
141
152
81
81
182
101
119
173
150
200
142
193
153
173
155
316
258
100
83
87
130
181
86
114
156
133
131
116
104
142
120
101
85
227
190
191
235
141
86
128
126
140
172
92
129
159
171
117
111
196
160
150
112
167
77
168
100
129
118
134
154
124
113
94
182
129
189
221
215
142
152
174
131
119
120
117
159
188
182
220
185
118
150
232
85
143
85
172
181
258
193
184
186
118
191
138
220
147
185
192
124
111
184
149
234
139
165
142
91
115
169
155
176
107
145
88
107
161
80
149
118
94
110
164
243
230
137
143
203
200
145
78
215
86
144
141
131
93
94
106
161
173
113
154
210
91
171
184
152
168
104
110
150
211
161
140
131
138
97
98
116
189
140
338
120
165
126
94
209
140
173
127
126649
