
136
109
154
202
106
145
95
88
86
144
168
150
176
116
212
193
88
129
137
189
91
81
115
104
119
190
199
140
257
157
144
160
216
207
200
152
106
158
107
165
221
82
172
153
185
170
83
102
123
161
79
163
193
199
251
148
161
208
173
103
202
193
139
110
161
101
93
139
184
160
258
111
132
179
144
310
163
138
165
193
89
198
196
181
141
236
153
134
125
147
125
176
119
180
200
133
151
161
179
90
190
200
148
97
97
78
125
81
226
167
106
194
99
224
82
81
151
210
87
193
147
181
107
87
102
157
171
89
202
203
116
193
126
241
97
80
86
94
194
136
233
98
131
156
87
103
177
228
87
79
135
171
138
172
103
134
110
229
162
178
129
140
199
127
135
155
141
90
83
137
143
261
193
119
114
83
129
150
142
188
177
162
179
140
141
94
125
190
116
172
85
88
98
143
206
146
109
254
133
152
147
217
226
106
144
177
196
89
79
170
240
122
145
161
253
115
191
188
167
200
171
140
191
163
184
149
194
155
165
143
107
82
166
78
106
78
109
200
171
135
95
81
94
138
141
214
159
113
157
91
99
159
129
106
94
149
91
143
232
204
98
78
157
252
154
157
142
137
97
81
224
182
148
145
149
153
127
128
182
174
77
120
91
100
205
184
157
79
98
96
165
156
242
106
90
79
195
182
171
146
207
98
148
219
144
100
84
89
175
144
165
229
182
135
101
140
142
170
99
79
134
215
109
153
153
156
236
160
141
96
131
83
85
181
156
193
93
222
180
126
218
162
128
152
194
233
142
101
168
119
219
145
94
103
102
97
92
163
188
110
81
215
121
168
148
132
154
80
161
130
136
178
91
199
116
94
209
93
83
100
127
156
