
118
110
87
92
193
108
153
168
120
104
138
170
245
206
218
168
191
206
236
173
159
118
192
153
189
168
316
191
93
94
108
199
125
146
181
176
201
147
205
143
106
131
190
119
121
95
137
142
343
241
127
123
250
82
89
131
201
204
199
117
234
160
254
157
174
152
163
228
135
214
100
83
132
81
154
199
188
219
176
109
154
225
200
135
124
99
131
185
170
191
128
97
183
133
87
213
223
112
80
196
133
214
104
167
134
163
184
115
215
88
116
101
160
222
173
177
211
261
215
85
207
91
101
173
124
131
229
123
126
301
187
101
174
144
89
203
81
97
92
224
96
160
159
156
201
93
180
216
85
142
97
187
187
102
132
208
88
150
196
148
115
167
107
210
183
187
186
149
88
101
89
108
140
200
157
160
158
193
143
289
186
183
175
110
175
142
86
101
144
96
176
135
181
132
104
186
201
163
168
172
183
88
128
172
183
168
82
125
126
220
93
85
92
148
193
299
203
153
119
103
134
87
108
122
178
173
220
168
96
83
96
134
174
137
219
99
108
200
236
155
137
162
174
191
119
116
188
191
97
115
131
106
109
218
174
224
363
196
116
125
93
84
98
139
86
164
98
141
220
166
181
81
191
164
169
149
180
144
178
224
181
138
95
210
150
179
165
149
91
158
191
237
117
148
254
148
169
242
178
183
170
175
256
124
179
122
111
170
122
164
97
169
229
100
96
96
143
126
135
157
88
122
148
221
204
157
192
126
184
172
169
166
194
124
167
157
183
117
201
127
112
224
120
138
132
147
191
104
91
117
78
133
192
142
103
161
279
247
129
90
135
