
196
194
223
216
244
277
107
93
211
99
183
238
159
188
130
191
202
180
135
94
119
142
199
219
171
101
87
164
184
173
106
131
132
180
92
119
143
80
155
159
146
148
198
117
201
119
95
99
228
137
236
130
87
106
253
212
89
148
84
84
102
112
129
122
137
125
186
89
188
97
151
205
92
173
209
157
122
91
95
101
94
177
144
186
88
103
160
147
223
223
183
122
112
97
197
180
186
157
113
116
204
195
121
116
189
210
167
162
157
97
95
159
283
88
205
137
167
91
191
80
108
141
130
179
161
217
237
204
156
208
122
200
242
166
88
141
159
136
183
132
90
205
176
221
189
145
90
98
153
196
112
107
136
171
88
111
229
145
96
193
155
199
93
210
143
182
87
171
209
140
162
140
95
84
178
100
194
93
192
113
211
301
101
153
166
149
77
113
189
97
201
172
150
128
88
99
98
120
132
86
98
162
128
85
201
282
228
133
208
217
200
138
90
128
199
217
178
138
124
270
93
187
120
103
196
132
144
210
177
168
167
119
149
201
188
166
161
122
108
174
123
124
137
297
147
174
198
190
138
297
193
144
158
137
155
140
116
88
162
187
185
125
139
216
162
211
226
184
215
334
172
77
146
129
196
173
109
82
107
133
178
206
107
134
86
126
137
313
98
218
184
256
200
131
108
85
101
107
90
137
223
97
146
234
282
121
159
249
266
148
148
216
176
180
198
186
126
229
195
144
155
280
149
157
229
173
132
162
157
156
181
264
347
274
126
81
287
162
83
138
115
84
172
109
157
89
249
142
173
235
213
199
124
84
96
